\BOOKMARK [1][-]{section.1}{\376\377\000I\000n\000t\000r\000o\000d\000u\000c\000t\000i\000o\000n}{}% 1
\BOOKMARK [1][-]{section.2}{\376\377\000R\000e\000l\000a\000t\000e\000d\000\040\000W\000o\000r\000k\000s}{}% 2
\BOOKMARK [1][-]{section.3}{\376\377\000D\000a\000t\000a\000s\000e\000t\000\040\000O\000v\000e\000r\000v\000i\000e\000w}{}% 3
\BOOKMARK [2][-]{subsection.3.1}{\376\377\000T\000h\000y\000r\000o\000i\000d\000\040\000U\000l\000t\000r\000a\000s\000o\000u\000n\000d\000\040\000D\000a\000t\000a\000s\000e\000t}{section.3}% 4
\BOOKMARK [2][-]{subsection.3.2}{\376\377\000I\000m\000a\000g\000e\000\040\000S\000i\000z\000e\000\040\000D\000i\000s\000t\000r\000i\000b\000u\000t\000i\000o\000n}{section.3}% 5
\BOOKMARK [2][-]{subsection.3.3}{\376\377\000D\000o\000m\000a\000i\000n\000\040\000G\000a\000p\000\040\000w\000i\000t\000h\000\040\000I\000m\000a\000g\000e\000N\000e\000t}{section.3}% 6
\BOOKMARK [1][-]{section.4}{\376\377\000M\000e\000t\000h\000o\000d\000o\000l\000o\000g\000y}{}% 7
\BOOKMARK [2][-]{subsection.4.1}{\376\377\000F\000r\000a\000m\000e\000w\000o\000r\000k\000\040\000O\000v\000e\000r\000v\000i\000e\000w}{section.4}% 8
\BOOKMARK [2][-]{subsection.4.2}{\376\377\000D\000a\000t\000a\000\040\000P\000r\000e\000p\000r\000o\000c\000e\000s\000s\000i\000n\000g}{section.4}% 9
\BOOKMARK [3][-]{subsubsection.4.2.1}{\376\377\000S\000p\000l\000i\000t\000t\000i\000n\000g\000\040\000S\000t\000r\000a\000t\000e\000g\000y}{subsection.4.2}% 10
\BOOKMARK [3][-]{subsubsection.4.2.2}{\376\377\000I\000m\000a\000g\000e\000\040\000P\000r\000e\000p\000r\000o\000c\000e\000s\000s\000i\000n\000g\000\040\000a\000n\000d\000\040\000A\000u\000g\000m\000e\000n\000t\000a\000t\000i\000o\000n}{subsection.4.2}% 11
\BOOKMARK [2][-]{subsection.4.3}{\376\377\000M\000o\000d\000e\000l\000\040\000A\000r\000c\000h\000i\000t\000e\000c\000t\000u\000r\000e\000s\000\040\000a\000n\000d\000\040\000T\000r\000a\000i\000n\000i\000n\000g\000\040\000C\000o\000n\000f\000i\000g\000u\000r\000a\000t\000i\000o\000n}{section.4}% 12
\BOOKMARK [3][-]{subsubsection.4.3.1}{\376\377\000T\000r\000a\000n\000s\000f\000e\000r\000\040\000L\000e\000a\000r\000n\000i\000n\000g\000\040\000w\000i\000t\000h\000\040\000P\000r\000e\000t\000r\000a\000i\000n\000e\000d\000\040\000B\000a\000c\000k\000b\000o\000n\000e\000s}{subsection.4.3}% 13
\BOOKMARK [3][-]{subsubsection.4.3.2}{\376\377\000T\000r\000a\000i\000n\000i\000n\000g\000\040\000H\000y\000p\000e\000r\000p\000a\000r\000a\000m\000e\000t\000e\000r\000s}{subsection.4.3}% 14
\BOOKMARK [3][-]{subsubsection.4.3.3}{\376\377\000C\000l\000a\000s\000s\000\040\000I\000m\000b\000a\000l\000a\000n\000c\000e\000\040\000H\000a\000n\000d\000l\000i\000n\000g}{subsection.4.3}% 15
\BOOKMARK [2][-]{subsection.4.4}{\376\377\000I\000n\000f\000e\000r\000e\000n\000c\000e\000\040\000S\000t\000r\000a\000t\000e\000g\000y}{section.4}% 16
\BOOKMARK [3][-]{subsubsection.4.4.1}{\376\377\000T\000e\000s\000t\000-\000T\000i\000m\000e\000\040\000A\000u\000g\000m\000e\000n\000t\000a\000t\000i\000o\000n\000\040\000\050\000T\000T\000A\000\051}{subsection.4.4}% 17
\BOOKMARK [3][-]{subsubsection.4.4.2}{\376\377\0005\000-\000F\000o\000l\000d\000\040\000E\000n\000s\000e\000m\000b\000l\000e}{subsection.4.4}% 18
\BOOKMARK [2][-]{subsection.4.5}{\376\377\000E\000x\000p\000l\000a\000i\000n\000a\000b\000i\000l\000i\000t\000y\000:\000\040\000C\000l\000a\000s\000s\000\040\000A\000c\000t\000i\000v\000a\000t\000i\000o\000n}{section.4}% 19
\BOOKMARK [3][-]{subsubsection.4.5.1}{\376\377\000G\000r\000a\000d\000-\000C\000A\000M}{subsection.4.5}% 20
\BOOKMARK [3][-]{subsubsection.4.5.2}{\376\377\000H\000i\000-\000R\000e\000s\000\040\000C\000A\000M}{subsection.4.5}% 21
\BOOKMARK [3][-]{subsubsection.4.5.3}{\376\377\000E\000n\000s\000e\000m\000b\000l\000e\000\040\000H\000e\000a\000t\000m\000a\000p\000s}{subsection.4.5}% 22
\BOOKMARK [2][-]{subsection.4.6}{\376\377\000E\000v\000a\000l\000u\000a\000t\000i\000o\000n\000\040\000M\000e\000t\000r\000i\000c\000s}{section.4}% 23
\BOOKMARK [1][-]{section.5}{\376\377\000E\000v\000a\000l\000u\000a\000t\000i\000o\000n\000\040\000R\000e\000s\000u\000l\000t\000s}{}% 24
\BOOKMARK [2][-]{subsection.5.1}{\376\377\000M\000o\000d\000e\000l\000s\000\040\000P\000e\000r\000f\000o\000r\000m\000a\000n\000c\000e\000\040\000C\000o\000m\000p\000a\000r\000i\000s\000o\000n}{section.5}% 25
\BOOKMARK [2][-]{subsection.5.2}{\376\377\000C\000o\000n\000f\000u\000s\000i\000o\000n\000\040\000M\000a\000t\000r\000i\000x}{section.5}% 26
\BOOKMARK [2][-]{subsection.5.3}{\376\377\000R\000O\000C\000\040\000C\000u\000r\000v\000e\000s\000\040\000A\000n\000a\000l\000y\000s\000i\000s}{section.5}% 27
\BOOKMARK [1][-]{section.6}{\376\377\000C\000o\000n\000c\000l\000u\000s\000i\000o\000n\000\040\000a\000n\000d\000\040\000F\000u\000t\000u\000r\000e\000\040\000W\000o\000r\000k\000s}{}% 28
\BOOKMARK [1][-]{section*.13}{\376\377\000R\000e\000f\000e\000r\000e\000n\000c\000e\000s}{}% 29
\BOOKMARK [1][-]{section*.14}{\376\377\000A\000p\000p\000e\000n\000d\000i\000x}{}% 30
